This is XeTeX, Version 3.141592653-2.6-0.999993 (TeX Live 2021/Homebrew) (preloaded format=xelatex 2022.3.3)  13 MAY 2022 22:28
entering extended mode
 \write18 enabled.
 file:line:error style messages enabled.
 %&-line parsing enabled.
**thuthesis-example.tex
(./thuthesis-example.tex
LaTeX2e <2020-10-01> patch level 4
L3 programming layer <2021-02-18> (./thuthesis.cls
Document Class: thuthesis 2022/03/19 7.2.4 Tsinghua University Thesis Template

(/home/linuxbrew/.linuxbrew/Cellar/texlive/58837_1/share/texmf-dist/tex/generic
/iftex/iftex.sty
Package: iftex 2020/03/06 v1.0d TeX engine tests
)
(/home/linuxbrew/.linuxbrew/Cellar/texlive/58837_1/share/texmf-dist/tex/generic
/kvdefinekeys/kvdefinekeys.sty
Package: kvdefinekeys 2019-12-19 v1.6 Define keys (HO)
)
(/home/linuxbrew/.linuxbrew/Cellar/texlive/58837_1/share/texmf-dist/tex/generic
/kvsetkeys/kvsetkeys.sty
Package: kvsetkeys 2019/12/15 v1.18 Key value parser (HO)
)
(/home/linuxbrew/.linuxbrew/Cellar/texlive/58837_1/share/texmf-dist/tex/latex/k
voptions/kvoptions.sty
Package: kvoptions 2020-10-07 v3.14 Key value format for package options (HO)

(/home/linuxbrew/.linuxbrew/Cellar/texlive/58837_1/share/texmf-dist/tex/latex/g
raphics/keyval.sty
Package: keyval 2014/10/28 v1.15 key=value parser (DPC)
\KV@toks@=\toks15
)
(/home/linuxbrew/.linuxbrew/Cellar/texlive/58837_1/share/texmf-dist/tex/generic
/ltxcmds/ltxcmds.sty
Package: ltxcmds 2020-05-10 v1.25 LaTeX kernel commands for general use (HO)
))
(/home/linuxbrew/.linuxbrew/Cellar/texlive/58837_1/share/texmf-dist/tex/latex/c
tex/ctexbook.cls
(/home/linuxbrew/.linuxbrew/Cellar/texlive/58837_1/share/texmf-dist/tex/latex/c
tex/config/ctexbackend.cfg
File: ctexbackend.cfg 2021/03/14 v2.5.6 Backend configuration file (CTEX)
)
(/home/linuxbrew/.linuxbrew/Cellar/texlive/58837_1/share/texmf-dist/tex/latex/l
3kernel/expl3.sty
Package: expl3 2021-02-18 L3 programming layer (loader) 

(/home/linuxbrew/.linuxbrew/Cellar/texlive/58837_1/share/texmf-dist/tex/latex/l
3backend/l3backend-xetex.def
File: l3backend-xetex.def 2021-03-18 L3 backend support: XeTeX
 (|extractbb --version)
\c__kernel_sys_dvipdfmx_version_int=\count175
\l__color_backend_stack_int=\count176
\g__color_backend_stack_int=\count177
\g__graphics_track_int=\count178
\l__pdf_internal_box=\box47
\g__pdf_backend_object_int=\count179
\g__pdf_backend_annotation_int=\count180
\g__pdf_backend_link_int=\count181
))
Document Class: ctexbook 2021/03/14 v2.5.6 Chinese adapter for class book (CTEX
)

(/home/linuxbrew/.linuxbrew/Cellar/texlive/58837_1/share/texmf-dist/tex/latex/l
3packages/xparse/xparse.sty
(/home/linuxbrew/.linuxbrew/Cellar/texlive/58837_1/share/texmf-dist/tex/latex/l
3packages/xparse/xparse-2020-10-01.sty
(/home/linuxbrew/.linuxbrew/Cellar/texlive/58837_1/share/texmf-dist/tex/latex/l
3packages/xparse/xparse-generic.tex)))
(/home/linuxbrew/.linuxbrew/Cellar/texlive/58837_1/share/texmf-dist/tex/latex/l
3packages/l3keys2e/l3keys2e.sty
Package: l3keys2e 2021-03-12 LaTeX2e option processing using LaTeX3 keys
)
(/home/linuxbrew/.linuxbrew/Cellar/texlive/58837_1/share/texmf-dist/tex/latex/c
tex/ctexhook.sty
Package: ctexhook 2021/03/14 v2.5.6 Document and package hooks (CTEX)
)
(/home/linuxbrew/.linuxbrew/Cellar/texlive/58837_1/share/texmf-dist/tex/latex/c
tex/ctexpatch.sty
Package: ctexpatch 2021/03/14 v2.5.6 Patching commands (CTEX)
)
(/home/linuxbrew/.linuxbrew/Cellar/texlive/58837_1/share/texmf-dist/tex/latex/b
ase/fix-cm.sty
Package: fix-cm 2015/01/14 v1.1t fixes to LaTeX

(/home/linuxbrew/.linuxbrew/Cellar/texlive/58837_1/share/texmf-dist/tex/latex/b
ase/ts1enc.def
File: ts1enc.def 2001/06/05 v3.0e (jk/car/fm) Standard LaTeX file
LaTeX Font Info:    Redeclaring font encoding TS1 on input line 47.
))
(/home/linuxbrew/.linuxbrew/Cellar/texlive/58837_1/share/texmf-dist/tex/latex/e
verysel/everysel.sty
Package: everysel 2021/01/20 v2.1 EverySelectfont Package (MS)

(/home/linuxbrew/.linuxbrew/Cellar/texlive/58837_1/share/texmf-dist/tex/latex/e
verysel/everysel-2011-10-28.sty))
\l__ctex_tmp_int=\count182
\l__ctex_tmp_box=\box48
\l__ctex_tmp_dim=\dimen138
\g__ctex_section_depth_int=\count183
\g__ctex_font_size_int=\count184

(/home/linuxbrew/.linuxbrew/Cellar/texlive/58837_1/share/texmf-dist/tex/latex/c
tex/config/ctexopts.cfg
File: ctexopts.cfg 2021/03/14 v2.5.6 Option configuration file (CTEX)
)
(/home/linuxbrew/.linuxbrew/Cellar/texlive/58837_1/share/texmf-dist/tex/latex/b
ase/book.cls
Document Class: book 2020/04/10 v1.4m Standard LaTeX document class

(/home/linuxbrew/.linuxbrew/Cellar/texlive/58837_1/share/texmf-dist/tex/latex/b
ase/bk12.clo
File: bk12.clo 2020/04/10 v1.4m Standard LaTeX file (size option)
)
\c@part=\count185
\c@chapter=\count186
\c@section=\count187
\c@subsection=\count188
\c@subsubsection=\count189
\c@paragraph=\count190
\c@subparagraph=\count191
\c@figure=\count192
\c@table=\count193
\abovecaptionskip=\skip47
\belowcaptionskip=\skip48
\bibindent=\dimen139
)
(/home/linuxbrew/.linuxbrew/Cellar/texlive/58837_1/share/texmf-dist/tex/latex/c
tex/engine/ctex-engine-xetex.def
File: ctex-engine-xetex.def 2021/03/14 v2.5.6 XeLaTeX adapter (CTEX)

(/home/linuxbrew/.linuxbrew/Cellar/texlive/58837_1/share/texmf-dist/tex/xelatex
/xecjk/xeCJK.sty
Package: xeCJK 2020/10/19 v3.8.6 Typesetting CJK scripts with XeLaTeX

(/home/linuxbrew/.linuxbrew/Cellar/texlive/58837_1/share/texmf-dist/tex/latex/l
3packages/xtemplate/xtemplate.sty
Package: xtemplate 2021-03-12 L3 Experimental prototype document functions
\l__xtemplate_tmp_dim=\dimen140
\l__xtemplate_tmp_int=\count194
\l__xtemplate_tmp_muskip=\muskip16
\l__xtemplate_tmp_skip=\skip49
)
\l__xeCJK_tmp_int=\count195
\l__xeCJK_tmp_box=\box49
\l__xeCJK_tmp_dim=\dimen141
\l__xeCJK_tmp_skip=\skip50
\g__xeCJK_space_factor_int=\count196
\l__xeCJK_begin_int=\count197
\l__xeCJK_end_int=\count198
\c__xeCJK_CJK_class_int=\XeTeXcharclass1
\c__xeCJK_FullLeft_class_int=\XeTeXcharclass2
\c__xeCJK_FullRight_class_int=\XeTeXcharclass3
\c__xeCJK_HalfLeft_class_int=\XeTeXcharclass4
\c__xeCJK_HalfRight_class_int=\XeTeXcharclass5
\c__xeCJK_NormalSpace_class_int=\XeTeXcharclass6
\c__xeCJK_CM_class_int=\XeTeXcharclass7
\c__xeCJK_HangulJamo_class_int=\XeTeXcharclass8
\l__xeCJK_last_skip=\skip51
\g__xeCJK_node_int=\count199
\c__xeCJK_CJK_node_dim=\dimen142
\c__xeCJK_CJK-space_node_dim=\dimen143
\c__xeCJK_default_node_dim=\dimen144
\c__xeCJK_default-space_node_dim=\dimen145
\c__xeCJK_CJK-widow_node_dim=\dimen146
\c__xeCJK_normalspace_node_dim=\dimen147
\l__xeCJK_ccglue_skip=\skip52
\l__xeCJK_ecglue_skip=\skip53
\l__xeCJK_punct_kern_skip=\skip54
\l__xeCJK_last_penalty_int=\count266
\l__xeCJK_last_bound_dim=\dimen148
\l__xeCJK_last_kern_dim=\dimen149
\l__xeCJK_widow_penalty_int=\count267

Package xtemplate Info: Declaring object type 'xeCJK/punctuation' taking 0
(xtemplate)             argument(s) on line 2341.

\l__xeCJK_fixed_punct_width_dim=\dimen150
\l__xeCJK_mixed_punct_width_dim=\dimen151
\l__xeCJK_middle_punct_width_dim=\dimen152
\l__xeCJK_fixed_margin_width_dim=\dimen153
\l__xeCJK_mixed_margin_width_dim=\dimen154
\l__xeCJK_middle_margin_width_dim=\dimen155
\l__xeCJK_bound_punct_width_dim=\dimen156
\l__xeCJK_bound_margin_width_dim=\dimen157
\l__xeCJK_margin_minimum_dim=\dimen158
\l__xeCJK_kerning_total_width_dim=\dimen159
\l__xeCJK_same_align_margin_dim=\dimen160
\l__xeCJK_different_align_margin_dim=\dimen161
\l__xeCJK_kerning_margin_width_dim=\dimen162
\l__xeCJK_kerning_margin_minimum_dim=\dimen163
\l__xeCJK_bound_dim=\dimen164
\l__xeCJK_reverse_bound_dim=\dimen165
\l__xeCJK_margin_dim=\dimen166
\l__xeCJK_minimum_bound_dim=\dimen167
\l__xeCJK_kerning_margin_dim=\dimen168
\g__xeCJK_family_int=\count268
\l__xeCJK_fam_int=\count269
\g__xeCJK_fam_allocation_int=\count270
\l__xeCJK_verb_case_int=\count271
\l__xeCJK_verb_exspace_skip=\skip55

(/home/linuxbrew/.linuxbrew/Cellar/texlive/58837_1/share/texmf-dist/tex/latex/f
ontspec/fontspec.sty
Package: fontspec 2020/02/21 v2.7i Font selection for XeLaTeX and LuaLaTeX

(/home/linuxbrew/.linuxbrew/Cellar/texlive/58837_1/share/texmf-dist/tex/latex/f
ontspec/fontspec-xetex.sty
Package: fontspec-xetex 2020/02/21 v2.7i Font selection for XeLaTeX and LuaLaTe
X
\l__fontspec_script_int=\count272
\l__fontspec_language_int=\count273
\l__fontspec_strnum_int=\count274
\l__fontspec_tmp_int=\count275
\l__fontspec_tmpa_int=\count276
\l__fontspec_tmpb_int=\count277
\l__fontspec_tmpc_int=\count278
\l__fontspec_em_int=\count279
\l__fontspec_emdef_int=\count280
\l__fontspec_strong_int=\count281
\l__fontspec_strongdef_int=\count282
\l__fontspec_tmpa_dim=\dimen169
\l__fontspec_tmpb_dim=\dimen170
\l__fontspec_tmpc_dim=\dimen171

(/home/linuxbrew/.linuxbrew/Cellar/texlive/58837_1/share/texmf-dist/tex/latex/b
ase/fontenc.sty
Package: fontenc 2020/08/10 v2.0s Standard LaTeX package
)
(/home/linuxbrew/.linuxbrew/Cellar/texlive/58837_1/share/texmf-dist/tex/latex/f
ontspec/fontspec.cfg)))
(/home/linuxbrew/.linuxbrew/Cellar/texlive/58837_1/share/texmf-dist/tex/xelatex
/xecjk/xeCJK.cfg
File: xeCJK.cfg 2020/10/19 v3.8.6 Configuration file for xeCJK package
))
\ccwd=\dimen172
\l__ctex_ccglue_skip=\skip56
)
\l__ctex_ziju_dim=\dimen173

(/home/linuxbrew/.linuxbrew/Cellar/texlive/58837_1/share/texmf-dist/tex/latex/z
hnumber/zhnumber.sty
Package: zhnumber 2020/05/01 v2.8 Typesetting numbers with Chinese glyphs
\l__zhnum_scale_int=\count283

(/home/linuxbrew/.linuxbrew/Cellar/texlive/58837_1/share/texmf-dist/tex/latex/z
hnumber/zhnumber-utf8.cfg
File: zhnumber-utf8.cfg 2020/05/01 v2.8 Chinese numerals with UTF8 encoding
))
\l__ctex_heading_skip=\skip57

(/home/linuxbrew/.linuxbrew/Cellar/texlive/58837_1/share/texmf-dist/tex/latex/c
tex/scheme/ctex-scheme-plain-book.def
File: ctex-scheme-plain-book.def 2021/03/14 v2.5.6 Plain scheme for book (CTEX)

)
(/home/linuxbrew/.linuxbrew/Cellar/texlive/58837_1/share/texmf-dist/tex/latex/c
tex/ctex-cs4size.clo
File: ctex-cs4size.clo 2021/03/14 v2.5.6 cs4size option (CTEX)
))
(/home/linuxbrew/.linuxbrew/Cellar/texlive/58837_1/share/texmf-dist/tex/latex/c
tex/config/ctex.cfg
File: ctex.cfg 2021/03/14 v2.5.6 Configuration file (CTEX)
)
(/home/linuxbrew/.linuxbrew/Cellar/texlive/58837_1/share/texmf-dist/tex/latex/e
toolbox/etoolbox.sty
Package: etoolbox 2020/10/05 v2.5k e-TeX tools for LaTeX (JAW)
\etb@tempcnta=\count284
)
(/home/linuxbrew/.linuxbrew/Cellar/texlive/58837_1/share/texmf-dist/tex/latex/f
ilehook/filehook.sty
Package: filehook 2020/09/29 v0.8a Hooks for input files

(/home/linuxbrew/.linuxbrew/Cellar/texlive/58837_1/share/texmf-dist/tex/latex/f
ilehook/filehook-2020.sty
Package: filehook-2020 2020/09/29 v0.8a Hooks for input files
))
(/home/linuxbrew/.linuxbrew/Cellar/texlive/58837_1/share/texmf-dist/tex/latex/g
eometry/geometry.sty
Package: geometry 2020/01/02 v5.9 Page Geometry

(/home/linuxbrew/.linuxbrew/Cellar/texlive/58837_1/share/texmf-dist/tex/generic
/iftex/ifvtex.sty
Package: ifvtex 2019/10/25 v1.7 ifvtex legacy package. Use iftex instead.
)
\Gm@cnth=\count285
\Gm@cntv=\count286
\c@Gm@tempcnt=\count287
\Gm@bindingoffset=\dimen174
\Gm@wd@mp=\dimen175
\Gm@odd@mp=\dimen176
\Gm@even@mp=\dimen177
\Gm@layoutwidth=\dimen178
\Gm@layoutheight=\dimen179
\Gm@layouthoffset=\dimen180
\Gm@layoutvoffset=\dimen181
\Gm@dimlist=\toks16
)
(/home/linuxbrew/.linuxbrew/Cellar/texlive/58837_1/share/texmf-dist/tex/latex/f
ancyhdr/fancyhdr.sty
Package: fancyhdr 2021/01/28 v4.0.1 Extensive control of page headers and foote
rs
\f@nch@headwidth=\skip58
\f@nch@O@elh=\skip59
\f@nch@O@erh=\skip60
\f@nch@O@olh=\skip61
\f@nch@O@orh=\skip62
\f@nch@O@elf=\skip63
\f@nch@O@erf=\skip64
\f@nch@O@olf=\skip65
\f@nch@O@orf=\skip66
)
(/home/linuxbrew/.linuxbrew/Cellar/texlive/58837_1/share/texmf-dist/tex/latex/t
itlesec/titletoc.sty
Package: titletoc 2019/10/16 v2.13 TOC entries
\ttl@leftsep=\dimen182
)
(/home/linuxbrew/.linuxbrew/Cellar/texlive/58837_1/share/texmf-dist/tex/latex/n
otoccite/notoccite.sty
Package: notoccite 2000/07/20
)
(/home/linuxbrew/.linuxbrew/Cellar/texlive/58837_1/share/texmf-dist/tex/latex/a
msmath/amsmath.sty
Package: amsmath 2020/09/23 v2.17i AMS math features
\@mathmargin=\skip67

For additional information on amsmath, use the `?' option.

(/home/linuxbrew/.linuxbrew/Cellar/texlive/58837_1/share/texmf-dist/tex/latex/a
msmath/amstext.sty
Package: amstext 2000/06/29 v2.01 AMS text

(/home/linuxbrew/.linuxbrew/Cellar/texlive/58837_1/share/texmf-dist/tex/latex/a
msmath/amsgen.sty
File: amsgen.sty 1999/11/30 v2.0 generic functions
\@emptytoks=\toks17
\ex@=\dimen183
))
(/home/linuxbrew/.linuxbrew/Cellar/texlive/58837_1/share/texmf-dist/tex/latex/a
msmath/amsbsy.sty
Package: amsbsy 1999/11/29 v1.2d Bold Symbols
\pmbraise@=\dimen184
)
(/home/linuxbrew/.linuxbrew/Cellar/texlive/58837_1/share/texmf-dist/tex/latex/a
msmath/amsopn.sty
Package: amsopn 2016/03/08 v2.02 operator names
)
\inf@bad=\count288
LaTeX Info: Redefining \frac on input line 234.
\uproot@=\count289
\leftroot@=\count290
LaTeX Info: Redefining \overline on input line 399.
\classnum@=\count291
\DOTSCASE@=\count292
LaTeX Info: Redefining \ldots on input line 496.
LaTeX Info: Redefining \dots on input line 499.
LaTeX Info: Redefining \cdots on input line 620.
\Mathstrutbox@=\box50
\strutbox@=\box51
\big@size=\dimen185
LaTeX Font Info:    Redeclaring font encoding OML on input line 743.
LaTeX Font Info:    Redeclaring font encoding OMS on input line 744.
\macc@depth=\count293
\c@MaxMatrixCols=\count294
\dotsspace@=\muskip17
\c@parentequation=\count295
\dspbrk@lvl=\count296
\tag@help=\toks18
\row@=\count297
\column@=\count298
\maxfields@=\count299
\andhelp@=\toks19
\eqnshift@=\dimen186
\alignsep@=\dimen187
\tagshift@=\dimen188
\tagwidth@=\dimen189
\totwidth@=\dimen190
\lineht@=\dimen191
\@envbody=\toks20
\multlinegap=\skip68
\multlinetaggap=\skip69
\mathdisplay@stack=\toks21
LaTeX Info: Redefining \[ on input line 2923.
LaTeX Info: Redefining \] on input line 2924.
)
(/home/linuxbrew/.linuxbrew/Cellar/texlive/58837_1/share/texmf-dist/tex/latex/g
raphics/graphicx.sty
Package: graphicx 2020/09/09 v1.2b Enhanced LaTeX Graphics (DPC,SPQR)

(/home/linuxbrew/.linuxbrew/Cellar/texlive/58837_1/share/texmf-dist/tex/latex/g
raphics/graphics.sty
Package: graphics 2020/08/30 v1.4c Standard LaTeX Graphics (DPC,SPQR)

(/home/linuxbrew/.linuxbrew/Cellar/texlive/58837_1/share/texmf-dist/tex/latex/g
raphics/trig.sty
Package: trig 2016/01/03 v1.10 sin cos tan (DPC)
)
(/home/linuxbrew/.linuxbrew/Cellar/texlive/58837_1/share/texmf-dist/tex/latex/g
raphics-cfg/graphics.cfg
File: graphics.cfg 2016/06/04 v1.11 sample graphics configuration
)
Package graphics Info: Driver file: xetex.def on input line 105.

(/home/linuxbrew/.linuxbrew/Cellar/texlive/58837_1/share/texmf-dist/tex/latex/g
raphics-def/xetex.def
File: xetex.def 2021/03/18 v5.0k Graphics/color driver for xetex
))
\Gin@req@height=\dimen192
\Gin@req@width=\dimen193
)
(/home/linuxbrew/.linuxbrew/Cellar/texlive/58837_1/share/texmf-dist/tex/latex/c
aption/subcaption.sty
Package: subcaption 2020/10/07 v1.3j Sub-captions (AR)

(/home/linuxbrew/.linuxbrew/Cellar/texlive/58837_1/share/texmf-dist/tex/latex/c
aption/caption.sty
Package: caption 2020/10/26 v3.5g Customizing captions (AR)

(/home/linuxbrew/.linuxbrew/Cellar/texlive/58837_1/share/texmf-dist/tex/latex/c
aption/caption3.sty
Package: caption3 2020/10/21 v2.2e caption3 kernel (AR)
\captionmargin=\dimen194
\captionmargin@=\dimen195
\captionwidth=\dimen196
\caption@tempdima=\dimen197
\caption@indent=\dimen198
\caption@parindent=\dimen199
\caption@hangindent=\dimen256
Package caption Info: Standard document class detected.
)
\c@caption@flags=\count300
\c@continuedfloat=\count301
)
\c@subfigure=\count302
\c@subtable=\count303
)
(/home/linuxbrew/.linuxbrew/Cellar/texlive/58837_1/share/texmf-dist/tex/latex/p
dfpages/pdfpages.sty
Package: pdfpages 2021/03/06 v0.5t Insert pages of external PDF documents (AM)

(/home/linuxbrew/.linuxbrew/Cellar/texlive/58837_1/share/texmf-dist/tex/latex/b
ase/ifthen.sty
Package: ifthen 2014/09/29 v1.1c Standard LaTeX ifthen package (DPC)
)
(/home/linuxbrew/.linuxbrew/Cellar/texlive/58837_1/share/texmf-dist/tex/latex/t
ools/calc.sty
Package: calc 2017/05/25 v4.3 Infix arithmetic (KKT,FJ)
\calc@Acount=\count304
\calc@Bcount=\count305
\calc@Adimen=\dimen257
\calc@Bdimen=\dimen258
\calc@Askip=\skip70
\calc@Bskip=\skip71
LaTeX Info: Redefining \setlength on input line 80.
LaTeX Info: Redefining \addtolength on input line 81.
\calc@Ccount=\count306
\calc@Cskip=\skip72
)
(/home/linuxbrew/.linuxbrew/Cellar/texlive/58837_1/share/texmf-dist/tex/latex/e
so-pic/eso-pic.sty
Package: eso-pic 2020/10/14 v3.0a eso-pic (RN)
\ESO@tempdima=\dimen259
\ESO@tempdimb=\dimen260

(/home/linuxbrew/.linuxbrew/Cellar/texlive/58837_1/share/texmf-dist/tex/latex/x
color/xcolor.sty
Package: xcolor 2016/05/11 v2.12 LaTeX color extensions (UK)

(/home/linuxbrew/.linuxbrew/Cellar/texlive/58837_1/share/texmf-dist/tex/latex/g
raphics-cfg/color.cfg
File: color.cfg 2016/01/02 v1.6 sample color configuration
)
Package xcolor Info: Driver file: xetex.def on input line 225.
Package xcolor Info: Model `cmy' substituted by `cmy0' on input line 1348.
Package xcolor Info: Model `RGB' extended on input line 1364.
Package xcolor Info: Model `HTML' substituted by `rgb' on input line 1366.
Package xcolor Info: Model `Hsb' substituted by `hsb' on input line 1367.
Package xcolor Info: Model `tHsb' substituted by `hsb' on input line 1368.
Package xcolor Info: Model `HSB' substituted by `hsb' on input line 1369.
Package xcolor Info: Model `Gray' substituted by `gray' on input line 1370.
Package xcolor Info: Model `wave' substituted by `hsb' on input line 1371.
))
\AM@pagewidth=\dimen261
\AM@pageheight=\dimen262
\AM@fboxrule=\dimen263

(/home/linuxbrew/.linuxbrew/Cellar/texlive/58837_1/share/texmf-dist/tex/latex/p
dfpages/ppxetex.def
File: ppxetex.def 2021/03/06 v0.5t Pdfpages driver for XeTeX (AM)
)
\pdfpages@includegraphics@status=\count307
\AM@pagebox=\box52
\AM@global@opts=\toks22
\AM@pagecnt=\count308
\AM@toc@title=\toks23
\c@AM@survey=\count309
\AM@templatesizebox=\box53
)
(/home/linuxbrew/.linuxbrew/Cellar/texlive/58837_1/share/texmf-dist/tex/latex/e
numitem/enumitem.sty
Package: enumitem 2019/06/20 v3.9 Customized lists
\labelindent=\skip73
\enit@outerparindent=\dimen264
\enit@toks=\toks24
\enit@inbox=\box54
\enit@count@id=\count310
\enitdp@description=\count311
)
(/home/linuxbrew/.linuxbrew/Cellar/texlive/58837_1/share/texmf-dist/tex/latex/e
nviron/environ.sty
Package: environ 2014/05/04 v0.3 A new way to define environments

(/home/linuxbrew/.linuxbrew/Cellar/texlive/58837_1/share/texmf-dist/tex/latex/t
rimspaces/trimspaces.sty
Package: trimspaces 2009/09/17 v1.1 Trim spaces around a token list
))
(/home/linuxbrew/.linuxbrew/Cellar/texlive/58837_1/share/texmf-dist/tex/latex/f
ootmisc/footmisc.sty
Package: footmisc 2011/06/06 v5.5b a miscellany of footnote facilities
\FN@temptoken=\toks25
\footnotemargin=\dimen265
\c@pp@next@reset=\count312
\c@@fnserial=\count313
Package footmisc Info: Declaring symbol style bringhurst on input line 855.
Package footmisc Info: Declaring symbol style chicago on input line 863.
Package footmisc Info: Declaring symbol style wiley on input line 872.
Package footmisc Info: Declaring symbol style lamport-robust on input line 883.

Package footmisc Info: Declaring symbol style lamport* on input line 903.
Package footmisc Info: Declaring symbol style lamport*-robust on input line 924
.
)
(/home/linuxbrew/.linuxbrew/Cellar/texlive/58837_1/share/texmf-dist/tex/xelatex
/xecjk/xeCJKfntef.sty
Package: xeCJKfntef 2020/10/19 v3.8.6 xeCJK font effect

(/home/linuxbrew/.linuxbrew/Cellar/texlive/58837_1/share/texmf-dist/tex/generic
/ulem/ulem.sty
\UL@box=\box55
\UL@hyphenbox=\box56
\UL@skip=\skip74
\UL@hook=\toks26
\UL@height=\dimen266
\UL@pe=\count314
\UL@pixel=\dimen267
\ULC@box=\box57
Package: ulem 2019/11/18
\ULdepth=\dimen268
)
\l__xeCJK_space_skip=\skip75
\c__xeCJK_ulem-begin_node_dim=\dimen269
\l__xeCJK_hidden_box=\box58
\l__xeCJK_fntef_box=\box59
\l__xeCJK_under_symbol_box=\box60
\c__xeCJK_filll_skip=\skip76
)
(/home/linuxbrew/.linuxbrew/Cellar/texlive/58837_1/share/texmf-dist/tex/generic
/soul/soul.sty
Package: soul 2003/11/17 v2.4 letterspacing/underlining (mf)
\SOUL@word=\toks27
\SOUL@lasttoken=\toks28
\SOUL@cmds=\toks29
\SOUL@buffer=\toks30
\SOUL@token=\toks31
\SOUL@spaceskip=\skip77
\SOUL@ttwidth=\dimen270
\SOUL@uldp=\dimen271
\SOUL@ulht=\dimen272
)
(/home/linuxbrew/.linuxbrew/Cellar/texlive/58837_1/share/texmf-dist/tex/latex/t
ools/array.sty
Package: array 2020/10/01 v2.5c Tabular extension package (FMi)
\col@sep=\dimen273
\ar@mcellbox=\box61
\extrarowheight=\dimen274
\NC@list=\toks32
\extratabsurround=\skip78
\backup@length=\skip79
\ar@cellbox=\box62
)
(/home/linuxbrew/.linuxbrew/Cellar/texlive/58837_1/share/texmf-dist/tex/latex/b
ooktabs/booktabs.sty
Package: booktabs 2020/01/12 v1.61803398 Publication quality tables
\heavyrulewidth=\dimen275
\lightrulewidth=\dimen276
\cmidrulewidth=\dimen277
\belowrulesep=\dimen278
\belowbottomsep=\dimen279
\aboverulesep=\dimen280
\abovetopsep=\dimen281
\cmidrulesep=\dimen282
\cmidrulekern=\dimen283
\defaultaddspace=\dimen284
\@cmidla=\count315
\@cmidlb=\count316
\@aboverulesep=\dimen285
\@belowrulesep=\dimen286
\@thisruleclass=\count317
\@lastruleclass=\count318
\@thisrulewidth=\dimen287
)
(/home/linuxbrew/.linuxbrew/Cellar/texlive/58837_1/share/texmf-dist/tex/latex/u
rl/url.sty
\Urlmuskip=\muskip18
Package: url 2013/09/16  ver 3.4  Verb mode for urls, etc.
)
LaTeX Info: The control sequence `\normalsize' is already robust on input line 
599.


./thuthesis.cls:1038: Package fontspec Error: The font "Noto Serif CJK SC Light
" cannot be found.

For immediate help type H <return>.
 ...                                              
                                                  
l.1038 \thu@set@cjk@font
                         
Here is how much of TeX's memory you used:
 13166 strings out of 476919
 308202 string characters out of 5807504
 642214 words of memory out of 5000000
 32988 multiletter control sequences out of 15000+600000
 403881 words of font info for 33 fonts, out of 8000000 for 9000
 1349 hyphenation exceptions out of 8191
 114i,0n,118p,1212b,156s stack positions out of 5000i,500n,10000p,200000b,80000s

No pages of output.
